<?xml version="1.0" encoding="UTF-8"?>
<!-- Generated by org.testng.reporters.JUnitXMLReporter -->
<testsuite ignored="0" hostname="DESKTOP-J6EFUU9" failures="0" tests="30" name="Default test" time="100.499" errors="0" timestamp="2022-06-13T06:29:47 GMT-07:00">
  <testcase classname="OMS_Test.OMS_STORI_Test" name="loginfunction" time="0.526"/>
  <testcase classname="OMS_Test.OMS_STORI_Test" name="loginfunction" time="0.579"/>
  <testcase classname="OMS_Test.OMS_STORI_Test" name="loginfunction" time="0.374"/>
  <testcase classname="OMS_Test.OMS_STORI_Test" name="loginfunction" time="0.41"/>
  <testcase classname="OMS_Test.OMS_STORI_Test" name="loginfunction" time="0.47"/>
  <testcase classname="OMS_Test.OMS_STORI_Test" name="loginfunction" time="0.463"/>
  <testcase classname="OMS_Test.OMS_STORI_Test" name="loginfunction" time="0.422"/>
  <testcase classname="OMS_Test.OMS_STORI_Test" name="loginTest" time="0.182"/>
  <testcase classname="OMS_Test.OMS_STORI_Test" name="Manageorder_Test" time="0.94"/>
  <testcase classname="OMS_Test.OMS_STORI_Test" name="Createorder_Test" time="51.805"/>
  <testcase classname="OMS_Test.OMS_STORI_Test" name="OMSFindOrdersDisplayTest" time="0.615"/>
  <testcase classname="OMS_Test.OMS_STORI_Test" name="CustomerReferenceTest" time="3.841"/>
  <testcase classname="OMS_Test.OMS_STORI_Test" name="OrderTypeTest" time="2.822"/>
  <testcase classname="OMS_Test.OMS_STORI_Test" name="OrderStatusTest" time="3.101"/>
  <testcase classname="OMS_Test.OMS_STORI_Test" name="OrderGroupsTest" time="0.416"/>
  <testcase classname="OMS_Test.OMS_STORI_Test" name="OrderlabelTest" time="0.345"/>
  <testcase classname="OMS_Test.OMS_STORI_Test" name="SalesChannelTest" time="1.551"/>
  <testcase classname="OMS_Test.OMS_STORI_Test" name="DeliveryChannelTest" time="3.177"/>
  <testcase classname="OMS_Test.OMS_STORI_Test" name="DispatchDateTest" time="3.135"/>
  <testcase classname="OMS_Test.OMS_STORI_Test" name="DeliveryDateTest" time="2.65"/>
  <testcase classname="OMS_Test.OMS_STORI_Test" name="OrderEntityAssigneeNamesTest" time="2.391"/>
  <testcase classname="OMS_Test.OMS_STORI_Test" name="OrderPaymentStatusTest" time="1.681"/>
  <testcase classname="OMS_Test.OMS_STORI_Test" name="OrderTagTest" time="3.29"/>
  <testcase classname="OMS_Test.OMS_STORI_Test" name="OrderFulfillmentCenterTest" time="1.214"/>
  <testcase classname="OMS_Test.OMS_STORI_Test" name="OrderDisplayNameTest" time="3.037"/>
  <testcase classname="OMS_Test.OMS_STORI_Test" name="ExcelTest" time="0.96"/>
  <testcase classname="OMS_Test.OMS_STORI_Test" name="OrderEditTest" time="4.087"/>
  <testcase classname="OMS_Test.OMS_STORI_Test" name="OrderCancelAndRejectTest" time="3.896"/>
  <testcase classname="OMS_Test.OMS_STORI_Test" name="NavigateToSalesOrdersTest" time="0.297"/>
  <testcase classname="OMS_Test.OMS_STORI_Test" name="OMSSalesOrdersTest" time="1.322"/>
</testsuite> <!-- Default test -->
